2025-09-08 00:29:40,615 - SentinelCapture - INFO - Arrêt de la capture...
2025-09-08 00:29:40,696 - SentinelCapture - INFO - Service arrêté.
2025-09-08 00:29:40,701 - websockets.server - INFO - server closing
2025-09-08 00:29:40,859 - SentinelCapture - INFO - Connexion fermée: ('127.0.0.1', 13999)
2025-09-08 00:29:40,861 - websockets.server - INFO - server closed
2025-09-08 00:32:30,759 - SentinelCapture - INFO - Modèle chargé (factice pour la démo)
2025-09-08 00:32:31,915 - SentinelCapture - INFO - Modèle factice créé pour la démonstration
2025-09-08 00:32:31,940 - SentinelCapture - INFO - Démarrage du serveur WebSocket sur localhost:8765
2025-09-08 00:32:31,941 - SentinelCapture - INFO - Démarrage de la capture sur l'interface: par défaut
2025-09-08 00:32:31,944 - SentinelCapture - INFO - Filtre appliqué: net 192.168.0.0/16 or net 10.0.0.0/8 or net 172.16.0.0/12
2025-09-08 00:32:31,946 - SentinelCapture - INFO - Début de la capture de paquets...
2025-09-08 00:32:32,010 - websockets.server - INFO - server listening on [::1]:8765
2025-09-08 00:32:32,012 - websockets.server - INFO - server listening on 127.0.0.1:8765
2025-09-08 00:32:32,013 - SentinelCapture - INFO - Serveur WebSocket démarré
2025-09-08 00:32:32,302 - SentinelCapture - ERROR - Erreur lors de la prédiction: X has 38 features, but RandomForestClassifier is expecting 41 features as input.
2025-09-08 00:32:32,306 - SentinelCapture - ERROR - Erreur lors de la prédiction: X has 38 features, but RandomForestClassifier is expecting 41 features as input.
2025-09-08 00:32:32,973 - SentinelCapture - ERROR - Erreur lors de la prédiction: X has 38 features, but RandomForestClassifier is expecting 41 features as input.
2025-09-08 00:32:33,014 - SentinelCapture - ERROR - Erreur lors de la prédiction: X has 38 features, but RandomForestClassifier is expecting 41 features as input.
2025-09-08 00:32:33,018 - SentinelCapture - ERROR - Erreur lors de la prédiction: X has 38 features, but RandomForestClassifier is expecting 41 features as input.
2025-09-08 00:32:33,297 - SentinelCapture - ERROR - Erreur lors de la prédiction: X has 38 features, but RandomForestClassifier is expecting 41 features as input.
2025-09-08 00:32:33,301 - SentinelCapture - ERROR - Erreur lors de la prédiction: X has 38 features, but RandomForestClassifier is expecting 41 features as input.
2025-09-08 00:32:33,364 - SentinelCapture - ERROR - Erreur lors de la prédiction: X has 38 features, but RandomForestClassifier is expecting 41 features as input.
2025-09-08 00:32:33,650 - SentinelCapture - ERROR - Erreur lors de la prédiction: X has 38 features, but RandomForestClassifier is expecting 41 features as input.
2025-09-08 00:32:33,754 - SentinelCapture - ERROR - Erreur lors de la prédiction: X has 38 features, but RandomForestClassifier is expecting 41 features as input.
2025-09-08 00:32:33,766 - SentinelCapture - ERROR - Erreur lors de la prédiction: X has 38 features, but RandomForestClassifier is expecting 41 features as input.
2025-09-08 00:32:33,776 - SentinelCapture - ERROR - Erreur lors de la prédiction: X has 38 features, but RandomForestClassifier is expecting 41 features as input.
2025-09-08 00:32:33,954 - SentinelCapture - ERROR - Erreur lors de la prédiction: X has 38 features, but RandomForestClassifier is expecting 41 features as input.
2025-09-08 00:32:33,959 - SentinelCapture - ERROR - Erreur lors de la prédiction: X has 38 features, but RandomForestClassifier is expecting 41 features as input.
2025-09-08 00:32:33,962 - SentinelCapture - ERROR - Erreur lors de la prédiction: X has 38 features, but RandomForestClassifier is expecting 41 features as input.
2025-09-08 00:32:33,965 - SentinelCapture - ERROR - Erreur lors de la prédiction: X has 38 features, but RandomForestClassifier is expecting 41 features as input.
2025-09-08 00:32:33,968 - SentinelCapture - ERROR - Erreur lors de la prédiction: X has 38 features, but RandomForestClassifier is expecting 41 features as input.
2025-09-08 00:32:33,971 - SentinelCapture - ERROR - Erreur lors de la prédiction: X has 38 features, but RandomForestClassifier is expecting 41 features as input.
2025-09-08 00:32:33,973 - SentinelCapture - ERROR - Erreur lors de la prédiction: X has 38 features, but RandomForestClassifier is expecting 41 features as input.
2025-09-08 00:32:34,172 - SentinelCapture - ERROR - Erreur lors de la prédiction: X has 38 features, but RandomForestClassifier is expecting 41 features as input.
2025-09-08 00:32:34,176 - SentinelCapture - ERROR - Erreur lors de la prédiction: X has 38 features, but RandomForestClassifier is expecting 41 features as input.
2025-09-08 00:32:34,178 - SentinelCapture - ERROR - Erreur lors de la prédiction: X has 38 features, but RandomForestClassifier is expecting 41 features as input.
2025-09-08 00:32:34,181 - SentinelCapture - ERROR - Erreur lors de la prédiction: X has 38 features, but RandomForestClassifier is expecting 41 features as input.
2025-09-08 00:32:34,302 - SentinelCapture - ERROR - Erreur lors de la prédiction: X has 38 features, but RandomForestClassifier is expecting 41 features as input.
2025-09-08 00:32:34,305 - SentinelCapture - ERROR - Erreur lors de la prédiction: X has 38 features, but RandomForestClassifier is expecting 41 features as input.
2025-09-08 00:32:34,401 - SentinelCapture - ERROR - Erreur lors de la prédiction: X has 38 features, but RandomForestClassifier is expecting 41 features as input.
2025-09-08 00:32:34,408 - SentinelCapture - ERROR - Erreur lors de la prédiction: X has 38 features, but RandomForestClassifier is expecting 41 features as input.
2025-09-08 00:32:34,410 - SentinelCapture - ERROR - Erreur lors de la prédiction: X has 38 features, but RandomForestClassifier is expecting 41 features as input.
2025-09-08 00:32:34,412 - SentinelCapture - ERROR - Erreur lors de la prédiction: X has 38 features, but RandomForestClassifier is expecting 41 features as input.
2025-09-08 00:32:34,415 - SentinelCapture - ERROR - Erreur lors de la prédiction: X has 38 features, but RandomForestClassifier is expecting 41 features as input.
2025-09-08 00:32:34,419 - SentinelCapture - ERROR - Erreur lors de la prédiction: X has 38 features, but RandomForestClassifier is expecting 41 features as input.
2025-09-08 00:32:34,422 - SentinelCapture - ERROR - Erreur lors de la prédiction: X has 38 features, but RandomForestClassifier is expecting 41 features as input.
2025-09-08 00:32:34,424 - SentinelCapture - ERROR - Erreur lors de la prédiction: X has 38 features, but RandomForestClassifier is expecting 41 features as input.
2025-09-08 00:32:34,429 - SentinelCapture - ERROR - Erreur lors de la prédiction: X has 38 features, but RandomForestClassifier is expecting 41 features as input.
2025-09-08 00:32:34,434 - SentinelCapture - ERROR - Erreur lors de la prédiction: X has 38 features, but RandomForestClassifier is expecting 41 features as input.
2025-09-08 00:32:34,438 - SentinelCapture - ERROR - Erreur lors de la prédiction: X has 38 features, but RandomForestClassifier is expecting 41 features as input.
2025-09-08 00:32:34,440 - SentinelCapture - ERROR - Erreur lors de la prédiction: X has 38 features, but RandomForestClassifier is expecting 41 features as input.
2025-09-08 00:32:34,443 - SentinelCapture - ERROR - Erreur lors de la prédiction: X has 38 features, but RandomForestClassifier is expecting 41 features as input.
2025-09-08 00:32:34,622 - SentinelCapture - ERROR - Erreur lors de la prédiction: X has 38 features, but RandomForestClassifier is expecting 41 features as input.
2025-09-08 00:32:34,626 - SentinelCapture - ERROR - Erreur lors de la prédiction: X has 38 features, but RandomForestClassifier is expecting 41 features as input.
2025-09-08 00:32:34,628 - SentinelCapture - ERROR - Erreur lors de la prédiction: X has 38 features, but RandomForestClassifier is expecting 41 features as input.
2025-09-08 00:32:34,632 - SentinelCapture - ERROR - Erreur lors de la prédiction: X has 38 features, but RandomForestClassifier is expecting 41 features as input.
2025-09-08 00:32:34,635 - SentinelCapture - ERROR - Erreur lors de la prédiction: X has 38 features, but RandomForestClassifier is expecting 41 features as input.
2025-09-08 00:32:34,637 - SentinelCapture - ERROR - Erreur lors de la prédiction: X has 38 features, but RandomForestClassifier is expecting 41 features as input.
2025-09-08 00:32:34,640 - SentinelCapture - ERROR - Erreur lors de la prédiction: X has 38 features, but RandomForestClassifier is expecting 41 features as input.
2025-09-08 00:32:34,642 - SentinelCapture - ERROR - Erreur lors de la prédiction: X has 38 features, but RandomForestClassifier is expecting 41 features as input.
2025-09-08 00:32:34,645 - SentinelCapture - ERROR - Erreur lors de la prédiction: X has 38 features, but RandomForestClassifier is expecting 41 features as input.
2025-09-08 00:32:34,647 - SentinelCapture - ERROR - Erreur lors de la prédiction: X has 38 features, but RandomForestClassifier is expecting 41 features as input.
2025-09-08 00:32:34,703 - SentinelCapture - ERROR - Erreur lors de la prédiction: X has 38 features, but RandomForestClassifier is expecting 41 features as input.
2025-09-08 00:32:34,841 - SentinelCapture - ERROR - Erreur lors de la prédiction: X has 38 features, but RandomForestClassifier is expecting 41 features as input.
2025-09-08 00:32:34,845 - SentinelCapture - ERROR - Erreur lors de la prédiction: X has 38 features, but RandomForestClassifier is expecting 41 features as input.
2025-09-08 00:32:34,966 - SentinelCapture - ERROR - Erreur lors de la prédiction: X has 38 features, but RandomForestClassifier is expecting 41 features as input.
2025-09-08 00:32:35,342 - SentinelCapture - ERROR - Erreur lors de la prédiction: X has 38 features, but RandomForestClassifier is expecting 41 features as input.
2025-09-08 00:32:35,345 - SentinelCapture - ERROR - Erreur lors de la prédiction: X has 38 features, but RandomForestClassifier is expecting 41 features as input.
2025-09-08 00:32:36,102 - SentinelCapture - ERROR - Erreur lors de la prédiction: X has 38 features, but RandomForestClassifier is expecting 41 features as input.
2025-09-08 00:32:36,165 - SentinelCapture - ERROR - Erreur lors de la prédiction: X has 38 features, but RandomForestClassifier is expecting 41 features as input.
2025-09-08 00:32:36,315 - SentinelCapture - ERROR - Erreur lors de la prédiction: X has 38 features, but RandomForestClassifier is expecting 41 features as input.
2025-09-08 00:32:36,319 - SentinelCapture - ERROR - Erreur lors de la prédiction: X has 38 features, but RandomForestClassifier is expecting 41 features as input.
2025-09-08 00:32:36,347 - SentinelCapture - ERROR - Erreur lors de la prédiction: X has 38 features, but RandomForestClassifier is expecting 41 features as input.
2025-09-08 00:32:36,952 - SentinelCapture - ERROR - Erreur lors de la prédiction: X has 38 features, but RandomForestClassifier is expecting 41 features as input.
2025-09-08 00:32:37,140 - SentinelCapture - ERROR - Erreur lors de la prédiction: X has 38 features, but RandomForestClassifier is expecting 41 features as input.
2025-09-08 00:32:37,156 - SentinelCapture - ERROR - Erreur lors de la prédiction: X has 38 features, but RandomForestClassifier is expecting 41 features as input.
2025-09-08 00:32:37,318 - SentinelCapture - ERROR - Erreur lors de la prédiction: X has 38 features, but RandomForestClassifier is expecting 41 features as input.
2025-09-08 00:32:37,322 - SentinelCapture - ERROR - Erreur lors de la prédiction: X has 38 features, but RandomForestClassifier is expecting 41 features as input.
2025-09-08 00:32:37,948 - SentinelCapture - ERROR - Erreur lors de la prédiction: X has 38 features, but RandomForestClassifier is expecting 41 features as input.
2025-09-08 00:32:38,023 - SentinelCapture - ERROR - Erreur lors de la prédiction: X has 38 features, but RandomForestClassifier is expecting 41 features as input.
2025-09-08 00:32:38,156 - SentinelCapture - ERROR - Erreur lors de la prédiction: X has 38 features, but RandomForestClassifier is expecting 41 features as input.
2025-09-08 00:32:38,237 - SentinelCapture - ERROR - Erreur lors de la prédiction: X has 38 features, but RandomForestClassifier is expecting 41 features as input.
2025-09-08 00:32:38,311 - SentinelCapture - ERROR - Erreur lors de la prédiction: X has 38 features, but RandomForestClassifier is expecting 41 features as input.
2025-09-08 00:32:38,316 - SentinelCapture - ERROR - Erreur lors de la prédiction: X has 38 features, but RandomForestClassifier is expecting 41 features as input.
2025-09-08 00:32:38,948 - SentinelCapture - ERROR - Erreur lors de la prédiction: X has 38 features, but RandomForestClassifier is expecting 41 features as input.
2025-09-08 00:32:39,036 - SentinelCapture - ERROR - Erreur lors de la prédiction: X has 38 features, but RandomForestClassifier is expecting 41 features as input.
2025-09-08 00:32:39,317 - SentinelCapture - ERROR - Erreur lors de la prédiction: X has 38 features, but RandomForestClassifier is expecting 41 features as input.
2025-09-08 00:32:39,322 - SentinelCapture - ERROR - Erreur lors de la prédiction: X has 38 features, but RandomForestClassifier is expecting 41 features as input.
2025-09-08 00:32:39,357 - SentinelCapture - ERROR - Erreur lors de la prédiction: X has 38 features, but RandomForestClassifier is expecting 41 features as input.
2025-09-08 00:32:39,639 - SentinelCapture - ERROR - Erreur lors de la prédiction: X has 38 features, but RandomForestClassifier is expecting 41 features as input.
2025-09-08 00:32:39,682 - SentinelCapture - ERROR - Erreur lors de la prédiction: X has 38 features, but RandomForestClassifier is expecting 41 features as input.
2025-09-08 00:32:39,686 - SentinelCapture - ERROR - Erreur lors de la prédiction: X has 38 features, but RandomForestClassifier is expecting 41 features as input.
2025-09-08 00:32:39,750 - SentinelCapture - ERROR - Erreur lors de la prédiction: X has 38 features, but RandomForestClassifier is expecting 41 features as input.
2025-09-08 00:32:39,892 - SentinelCapture - ERROR - Erreur lors de la prédiction: X has 38 features, but RandomForestClassifier is expecting 41 features as input.
2025-09-08 00:32:39,901 - SentinelCapture - ERROR - Erreur lors de la prédiction: X has 38 features, but RandomForestClassifier is expecting 41 features as input.
2025-09-08 00:32:39,909 - SentinelCapture - ERROR - Erreur lors de la prédiction: X has 38 features, but RandomForestClassifier is expecting 41 features as input.
2025-09-08 00:32:39,916 - SentinelCapture - ERROR - Erreur lors de la prédiction: X has 38 features, but RandomForestClassifier is expecting 41 features as input.
2025-09-08 00:32:39,922 - SentinelCapture - ERROR - Erreur lors de la prédiction: X has 38 features, but RandomForestClassifier is expecting 41 features as input.
2025-09-08 00:32:39,928 - SentinelCapture - ERROR - Erreur lors de la prédiction: X has 38 features, but RandomForestClassifier is expecting 41 features as input.
2025-09-08 00:32:40,052 - SentinelCapture - ERROR - Erreur lors de la prédiction: X has 38 features, but RandomForestClassifier is expecting 41 features as input.
2025-09-08 00:32:40,057 - SentinelCapture - ERROR - Erreur lors de la prédiction: X has 38 features, but RandomForestClassifier is expecting 41 features as input.
2025-09-08 00:32:40,060 - SentinelCapture - ERROR - Erreur lors de la prédiction: X has 38 features, but RandomForestClassifier is expecting 41 features as input.
2025-09-08 00:32:40,063 - SentinelCapture - ERROR - Erreur lors de la prédiction: X has 38 features, but RandomForestClassifier is expecting 41 features as input.
2025-09-08 00:32:40,125 - SentinelCapture - ERROR - Erreur lors de la prédiction: X has 38 features, but RandomForestClassifier is expecting 41 features as input.
2025-09-08 00:32:40,129 - SentinelCapture - ERROR - Erreur lors de la prédiction: X has 38 features, but RandomForestClassifier is expecting 41 features as input.
2025-09-08 00:32:40,132 - SentinelCapture - ERROR - Erreur lors de la prédiction: X has 38 features, but RandomForestClassifier is expecting 41 features as input.
2025-09-08 00:32:40,134 - SentinelCapture - ERROR - Erreur lors de la prédiction: X has 38 features, but RandomForestClassifier is expecting 41 features as input.
2025-09-08 00:32:40,315 - SentinelCapture - ERROR - Erreur lors de la prédiction: X has 38 features, but RandomForestClassifier is expecting 41 features as input.
2025-09-08 00:32:40,320 - SentinelCapture - ERROR - Erreur lors de la prédiction: X has 38 features, but RandomForestClassifier is expecting 41 features as input.
2025-09-08 00:32:40,357 - SentinelCapture - ERROR - Erreur lors de la prédiction: X has 38 features, but RandomForestClassifier is expecting 41 features as input.
2025-09-08 00:32:40,361 - SentinelCapture - ERROR - Erreur lors de la prédiction: X has 38 features, but RandomForestClassifier is expecting 41 features as input.
2025-09-08 00:32:40,363 - SentinelCapture - ERROR - Erreur lors de la prédiction: X has 38 features, but RandomForestClassifier is expecting 41 features as input.
2025-09-08 00:32:40,366 - SentinelCapture - ERROR - Erreur lors de la prédiction: X has 38 features, but RandomForestClassifier is expecting 41 features as input.
2025-09-08 00:32:40,368 - SentinelCapture - ERROR - Erreur lors de la prédiction: X has 38 features, but RandomForestClassifier is expecting 41 features as input.
2025-09-08 00:32:40,371 - SentinelCapture - ERROR - Erreur lors de la prédiction: X has 38 features, but RandomForestClassifier is expecting 41 features as input.
2025-09-08 00:32:40,373 - SentinelCapture - ERROR - Erreur lors de la prédiction: X has 38 features, but RandomForestClassifier is expecting 41 features as input.
2025-09-08 00:32:40,376 - SentinelCapture - ERROR - Erreur lors de la prédiction: X has 38 features, but RandomForestClassifier is expecting 41 features as input.
2025-09-08 00:32:40,379 - SentinelCapture - ERROR - Erreur lors de la prédiction: X has 38 features, but RandomForestClassifier is expecting 41 features as input.
2025-09-08 00:32:40,381 - SentinelCapture - ERROR - Erreur lors de la prédiction: X has 38 features, but RandomForestClassifier is expecting 41 features as input.
2025-09-08 00:32:40,383 - SentinelCapture - ERROR - Erreur lors de la prédiction: X has 38 features, but RandomForestClassifier is expecting 41 features as input.
2025-09-08 00:32:40,386 - SentinelCapture - ERROR - Erreur lors de la prédiction: X has 38 features, but RandomForestClassifier is expecting 41 features as input.
2025-09-08 00:32:40,416 - SentinelCapture - ERROR - Erreur lors de la prédiction: X has 38 features, but RandomForestClassifier is expecting 41 features as input.
2025-09-08 00:32:40,558 - SentinelCapture - ERROR - Erreur lors de la prédiction: X has 38 features, but RandomForestClassifier is expecting 41 features as input.
2025-09-08 00:32:40,562 - SentinelCapture - ERROR - Erreur lors de la prédiction: X has 38 features, but RandomForestClassifier is expecting 41 features as input.
2025-09-08 00:32:40,564 - SentinelCapture - ERROR - Erreur lors de la prédiction: X has 38 features, but RandomForestClassifier is expecting 41 features as input.
2025-09-08 00:32:40,567 - SentinelCapture - ERROR - Erreur lors de la prédiction: X has 38 features, but RandomForestClassifier is expecting 41 features as input.
2025-09-08 00:32:40,569 - SentinelCapture - ERROR - Erreur lors de la prédiction: X has 38 features, but RandomForestClassifier is expecting 41 features as input.
2025-09-08 00:32:40,584 - SentinelCapture - ERROR - Erreur lors de la prédiction: X has 38 features, but RandomForestClassifier is expecting 41 features as input.
2025-09-08 00:32:40,585 - SentinelCapture - INFO - Arrêt de la capture...
2025-09-08 00:32:40,588 - SentinelCapture - ERROR - Erreur lors de la prédiction: X has 38 features, but RandomForestClassifier is expecting 41 features as input.
2025-09-08 00:32:40,589 - SentinelCapture - INFO - Fin de la capture de paquets
2025-09-08 00:32:40,591 - SentinelCapture - INFO - Service arrêté.
2025-09-08 00:32:40,592 - websockets.server - INFO - server closing
2025-09-08 00:32:40,593 - websockets.server - INFO - server closed
2025-09-08 00:41:09,669 - SentinelCapture - INFO - Modèle chargé (factice pour la démo)
2025-09-08 00:41:10,988 - SentinelCapture - INFO - Modèle factice créé pour la démonstration
2025-09-08 00:41:11,020 - SentinelCapture - INFO - Démarrage du serveur WebSocket sur localhost:8765
2025-09-08 00:41:11,020 - SentinelCapture - INFO - Démarrage de la capture sur l'interface: par défaut
2025-09-08 00:41:11,021 - SentinelCapture - INFO - Filtre appliqué: net 192.168.0.0/16 or net 10.0.0.0/8 or net 172.16.0.0/12
2025-09-08 00:41:11,025 - SentinelCapture - INFO - Début de la capture de paquets...
2025-09-08 00:41:11,107 - websockets.server - INFO - server listening on [::1]:8765
2025-09-08 00:41:11,109 - websockets.server - INFO - server listening on 127.0.0.1:8765
2025-09-08 00:41:11,110 - SentinelCapture - INFO - Serveur WebSocket démarré
2025-09-08 00:41:25,232 - websockets.server - INFO - connection open
2025-09-08 00:41:25,235 - SentinelCapture - INFO - Nouvelle connexion WebSocket: ('127.0.0.1', 2353)
2025-09-08 00:45:34,985 - SentinelCapture - INFO - Connexion fermée: ('127.0.0.1', 2353)
2025-09-08 00:47:10,506 - websockets.server - INFO - connection open
2025-09-08 00:47:10,508 - SentinelCapture - INFO - Nouvelle connexion WebSocket: ('127.0.0.1', 2661)
2025-09-08 01:21:27,290 - websockets.server - INFO - connection open
2025-09-08 01:21:27,304 - SentinelCapture - INFO - Nouvelle connexion WebSocket: ('127.0.0.1', 4134)
